Flow report for AMT
Mon Sep 21 11:00:09 2020
Quartus Prime Version 20.1.0 Build 711 06/05/2020 SJ Lite Edition


---------------------
; Table of Contents ;
---------------------
  1. Legal Notice
  2. Flow Summary
  3. Flow Settings
  4. Flow Non-Default Global Settings
  5. Flow Elapsed Time
  6. Flow OS Summary
  7. Flow Log
  8. Flow Messages
  9. Flow Suppressed Messages



----------------
; Legal Notice ;
----------------
Copyright (C) 2020  Intel Corporation. All rights reserved.
Your use of Intel Corporation's design tools, logic functions 
and other software and tools, and any partner logic 
functions, and any output files from any of the foregoing 
(including device programming or simulation files), and any 
associated documentation or information are expressly subject 
to the terms and conditions of the Intel Program License 
Subscription Agreement, the Intel Quartus Prime License Agreement,
the Intel FPGA IP License Agreement, or other applicable license
agreement, including, without limitation, that your use is for
the sole purpose of programming logic devices manufactured by
Intel and sold by Intel or its authorized distributors.  Please
refer to the applicable agreement for further details, at
https://fpgasoftware.intel.com/eula.



+----------------------------------------------------------------------------------+
; Flow Summary                                                                     ;
+------------------------------------+---------------------------------------------+
; Flow Status                        ; Successful - Mon Sep 21 11:00:05 2020       ;
; Quartus Prime Version              ; 20.1.0 Build 711 06/05/2020 SJ Lite Edition ;
; Revision Name                      ; AMT                                         ;
; Top-level Entity Name              ; AMT                                         ;
; Family                             ; Cyclone IV E                                ;
; Device                             ; EP4CE22F17C6                                ;
; Timing Models                      ; Final                                       ;
; Total logic elements               ; 1,428 / 22,320 ( 6 % )                      ;
;     Total combinational functions  ; 1,415 / 22,320 ( 6 % )                      ;
;     Dedicated logic registers      ; 543 / 22,320 ( 2 % )                        ;
; Total registers                    ; 543                                         ;
; Total pins                         ; 22 / 154 ( 14 % )                           ;
; Total virtual pins                 ; 0                                           ;
; Total memory bits                  ; 144 / 608,256 ( < 1 % )                     ;
; Embedded Multiplier 9-bit elements ; 0 / 132 ( 0 % )                             ;
; Total PLLs                         ; 0 / 4 ( 0 % )                               ;
+------------------------------------+---------------------------------------------+


+-----------------------------------------+
; Flow Settings                           ;
+-------------------+---------------------+
; Option            ; Setting             ;
+-------------------+---------------------+
; Start date & time ; 09/21/2020 10:59:41 ;
; Main task         ; Compilation         ;
; Revision Name     ; AMT                 ;
+-------------------+---------------------+


+-------------------------------------------------------------------------------------------------------------------------+
; Flow Non-Default Global Settings                                                                                        ;
+-------------------------------------+----------------------------------------+---------------+-------------+------------+
; Assignment Name                     ; Value                                  ; Default Value ; Entity Name ; Section Id ;
+-------------------------------------+----------------------------------------+---------------+-------------+------------+
; COMPILER_SIGNATURE_ID               ; 275050136523553.160067878011936        ; --            ; --          ; --         ;
; ENABLE_SIGNALTAP                    ; On                                     ; --            ; --          ; --         ;
; FITTER_EFFORT                       ; Standard Fit                           ; Auto Fit      ; --          ; --         ;
; MAX_CORE_JUNCTION_TEMP              ; 85                                     ; --            ; --          ; --         ;
; MIN_CORE_JUNCTION_TEMP              ; 0                                      ; --            ; --          ; --         ;
; OPTIMIZE_HOLD_TIMING                ; Off                                    ; All Paths     ; --          ; --         ;
; OPTIMIZE_MULTI_CORNER_TIMING        ; Off                                    ; On            ; --          ; --         ;
; PARTITION_COLOR                     ; -- (Not supported for targeted family) ; --            ; --          ; Top        ;
; PARTITION_FITTER_PRESERVATION_LEVEL ; -- (Not supported for targeted family) ; --            ; --          ; Top        ;
; PARTITION_NETLIST_TYPE              ; -- (Not supported for targeted family) ; --            ; --          ; Top        ;
; POWER_BOARD_THERMAL_MODEL           ; None (CONSERVATIVE)                    ; --            ; --          ; --         ;
; POWER_PRESET_COOLING_SOLUTION       ; 23 MM HEAT SINK WITH 200 LFPM AIRFLOW  ; --            ; --          ; --         ;
; PROJECT_OUTPUT_DIRECTORY            ; output_files                           ; --            ; --          ; --         ;
; SEARCH_PATH                         ; ../ip_cores                            ; --            ; --          ; --         ;
; SLD_FILE                            ; db/stp2_auto_stripped.stp              ; --            ; --          ; --         ;
; USE_SIGNALTAP_FILE                  ; output_files/stp2.stp                  ; --            ; --          ; --         ;
+-------------------------------------+----------------------------------------+---------------+-------------+------------+


+--------------------------------------------------------------------------------------------------------------------------+
; Flow Elapsed Time                                                                                                        ;
+----------------------+--------------+-------------------------+---------------------+------------------------------------+
; Module Name          ; Elapsed Time ; Average Processors Used ; Peak Virtual Memory ; Total CPU Time (on all processors) ;
+----------------------+--------------+-------------------------+---------------------+------------------------------------+
; Analysis & Synthesis ; 00:00:14     ; 1.0                     ; 4823 MB             ; 00:00:26                           ;
; Fitter               ; 00:00:07     ; 1.0                     ; 5531 MB             ; 00:00:11                           ;
; Assembler            ; 00:00:01     ; 1.0                     ; 4690 MB             ; 00:00:01                           ;
; Timing Analyzer      ; 00:00:03     ; 1.1                     ; 4804 MB             ; 00:00:03                           ;
; Total                ; 00:00:25     ; --                      ; --                  ; 00:00:41                           ;
+----------------------+--------------+-------------------------+---------------------+------------------------------------+


+------------------------------------------------------------------------------------+
; Flow OS Summary                                                                    ;
+----------------------+------------------+------------+------------+----------------+
; Module Name          ; Machine Hostname ; OS Name    ; OS Version ; Processor type ;
+----------------------+------------------+------------+------------+----------------+
; Analysis & Synthesis ; Lars-Laptop2020  ; Windows 10 ; 10.0       ; x86_64         ;
; Fitter               ; Lars-Laptop2020  ; Windows 10 ; 10.0       ; x86_64         ;
; Assembler            ; Lars-Laptop2020  ; Windows 10 ; 10.0       ; x86_64         ;
; Timing Analyzer      ; Lars-Laptop2020  ; Windows 10 ; 10.0       ; x86_64         ;
+----------------------+------------------+------------+------------+----------------+


------------
; Flow Log ;
------------
quartus_map --read_settings_files=on --write_settings_files=off AMT -c AMT
quartus_fit --read_settings_files=off --write_settings_files=off AMT -c AMT
quartus_asm --read_settings_files=off --write_settings_files=off AMT -c AMT
quartus_sta AMT -c AMT



